<?xml version="1.0" encoding="UTF-8"?>
<testsuites name="Mocha Tests" time="4.052" tests="8" failures="0">
  <testsuite name="Root Suite" timestamp="2024-10-31T22:46:35" tests="0" file="cypress\e2e\2-advanced-examples\connectors.cy.js" time="0.000" failures="0">
  </testsuite>
  <testsuite name="Connectors" timestamp="2024-10-31T22:46:35" tests="4" time="0.000" failures="0">
    <testcase name="Connectors .each() - iterate over an array of elements" time="0.505" classname=".each() - iterate over an array of elements">
    </testcase>
    <testcase name="Connectors .its() - get properties on the current subject" time="0.245" classname=".its() - get properties on the current subject">
    </testcase>
    <testcase name="Connectors .invoke() - invoke a function on the current subject" time="0.166" classname=".invoke() - invoke a function on the current subject">
    </testcase>
    <testcase name="Connectors .spread() - spread an array as individual args to callback function" time="0.152" classname=".spread() - spread an array as individual args to callback function">
    </testcase>
  </testsuite>
  <testsuite name=".then()" timestamp="2024-10-31T22:46:39" tests="4" time="0.748" failures="0">
    <testcase name="Connectors .then() invokes a callback function with the current subject" time="0.164" classname="invokes a callback function with the current subject">
    </testcase>
    <testcase name="Connectors .then() yields the returned value to the next command" time="0.154" classname="yields the returned value to the next command">
    </testcase>
    <testcase name="Connectors .then() yields the original subject without return" time="0.143" classname="yields the original subject without return">
    </testcase>
    <testcase name="Connectors .then() yields the value yielded by the last Cypress command inside" time="0.156" classname="yields the value yielded by the last Cypress command inside">
    </testcase>
  </testsuite>
</testsuites>