<?xml version="1.0" encoding="UTF-8"?>
<testsuites name="Mocha Tests" time="5.506" tests="2" failures="0">
  <testsuite name="Root Suite" timestamp="2024-10-31T22:46:17" tests="0" file="cypress\e2e\2-advanced-examples\aliasing.cy.js" time="0.000" failures="0">
  </testsuite>
  <testsuite name="Aliasing" timestamp="2024-10-31T22:46:17" tests="2" time="5.495" failures="0">
    <testcase name="Aliasing .as() - alias a DOM element for later use" time="0.636" classname=".as() - alias a DOM element for later use">
    </testcase>
    <testcase name="Aliasing .as() - alias a route for later use" time="1.629" classname=".as() - alias a route for later use">
    </testcase>
  </testsuite>
</testsuites>