<?xml version="1.0" encoding="UTF-8"?>
<testsuites name="Mocha Tests" time="7.562" tests="18" failures="0">
  <testsuite name="Root Suite" timestamp="2024-10-31T22:48:17" tests="0" file="cypress\e2e\2-advanced-examples\traversal.cy.js" time="0.000" failures="0">
  </testsuite>
  <testsuite name="Traversal" timestamp="2024-10-31T22:48:17" tests="18" time="7.549" failures="0">
    <testcase name="Traversal .children() - get child DOM elements" time="0.492" classname=".children() - get child DOM elements">
    </testcase>
    <testcase name="Traversal .closest() - get closest ancestor DOM element" time="0.298" classname=".closest() - get closest ancestor DOM element">
    </testcase>
    <testcase name="Traversal .eq() - get a DOM element at a specific index" time="0.173" classname=".eq() - get a DOM element at a specific index">
    </testcase>
    <testcase name="Traversal .filter() - get DOM elements that match the selector" time="0.265" classname=".filter() - get DOM elements that match the selector">
    </testcase>
    <testcase name="Traversal .find() - get descendant DOM elements of the selector" time="0.281" classname=".find() - get descendant DOM elements of the selector">
    </testcase>
    <testcase name="Traversal .first() - get first DOM element" time="0.287" classname=".first() - get first DOM element">
    </testcase>
    <testcase name="Traversal .last() - get last DOM element" time="0.289" classname=".last() - get last DOM element">
    </testcase>
    <testcase name="Traversal .next() - get next sibling DOM element" time="0.351" classname=".next() - get next sibling DOM element">
    </testcase>
    <testcase name="Traversal .nextAll() - get all next sibling DOM elements" time="0.278" classname=".nextAll() - get all next sibling DOM elements">
    </testcase>
    <testcase name="Traversal .nextUntil() - get next sibling DOM elements until next el" time="0.192" classname=".nextUntil() - get next sibling DOM elements until next el">
    </testcase>
    <testcase name="Traversal .not() - remove DOM elements from set of DOM elements" time="0.181" classname=".not() - remove DOM elements from set of DOM elements">
    </testcase>
    <testcase name="Traversal .parent() - get parent DOM element from DOM elements" time="0.150" classname=".parent() - get parent DOM element from DOM elements">
    </testcase>
    <testcase name="Traversal .parents() - get parent DOM elements from DOM elements" time="0.150" classname=".parents() - get parent DOM elements from DOM elements">
    </testcase>
    <testcase name="Traversal .parentsUntil() - get parent DOM elements from DOM elements until el" time="0.154" classname=".parentsUntil() - get parent DOM elements from DOM elements until el">
    </testcase>
    <testcase name="Traversal .prev() - get previous sibling DOM element" time="0.157" classname=".prev() - get previous sibling DOM element">
    </testcase>
    <testcase name="Traversal .prevAll() - get all previous sibling DOM elements" time="0.171" classname=".prevAll() - get all previous sibling DOM elements">
    </testcase>
    <testcase name="Traversal .prevUntil() - get all previous sibling DOM elements until el" time="0.184" classname=".prevUntil() - get all previous sibling DOM elements until el">
    </testcase>
    <testcase name="Traversal .siblings() - get all sibling DOM elements" time="0.157" classname=".siblings() - get all sibling DOM elements">
    </testcase>
  </testsuite>
</testsuites>