<?xml version="1.0" encoding="UTF-8"?>
<testsuites name="Mocha Tests" time="4.565" tests="10" failures="0">
  <testsuite name="Root Suite" timestamp="2024-10-31T22:46:53" tests="0" file="cypress\e2e\2-advanced-examples\cypress_api.cy.js" time="0.000" failures="0">
  </testsuite>
  <testsuite name="Cypress APIs" timestamp="2024-10-31T22:46:53" tests="0" time="0.000" failures="0">
  </testsuite>
  <testsuite name="Cypress.Commands" timestamp="2024-10-31T22:46:53" tests="1" time="2.866" failures="0">
    <testcase name="Cypress APIs Cypress.Commands .add() - create a custom command" time="0.474" classname=".add() - create a custom command">
    </testcase>
  </testsuite>
  <testsuite name="Cypress.Cookies" timestamp="2024-10-31T22:46:55" tests="1" time="0.313" failures="0">
    <testcase name="Cypress APIs Cypress.Cookies .debug() - enable or disable debugging" time="0.286" classname=".debug() - enable or disable debugging">
    </testcase>
  </testsuite>
  <testsuite name="Cypress.arch" timestamp="2024-10-31T22:46:56" tests="1" time="0.183" failures="0">
    <testcase name="Cypress APIs Cypress.arch Get CPU architecture name of underlying OS" time="0.157" classname="Get CPU architecture name of underlying OS">
    </testcase>
  </testsuite>
  <testsuite name="Cypress.config()" timestamp="2024-10-31T22:46:56" tests="1" time="0.180" failures="0">
    <testcase name="Cypress APIs Cypress.config() Get and set configuration options" time="0.151" classname="Get and set configuration options">
    </testcase>
  </testsuite>
  <testsuite name="Cypress.dom" timestamp="2024-10-31T22:46:56" tests="1" time="0.156" failures="0">
    <testcase name="Cypress APIs Cypress.dom .isHidden() - determine if a DOM element is hidden" time="0.133" classname=".isHidden() - determine if a DOM element is hidden">
    </testcase>
  </testsuite>
  <testsuite name="Cypress.env()" timestamp="2024-10-31T22:46:56" tests="1" time="0.181" failures="0">
    <testcase name="Cypress APIs Cypress.env() Get environment variables" time="0.153" classname="Get environment variables">
    </testcase>
  </testsuite>
  <testsuite name="Cypress.log" timestamp="2024-10-31T22:46:56" tests="1" time="0.146" failures="0">
    <testcase name="Cypress APIs Cypress.log Control what is printed to the Command Log" time="0.121" classname="Control what is printed to the Command Log">
    </testcase>
  </testsuite>
  <testsuite name="Cypress.platform" timestamp="2024-10-31T22:46:57" tests="1" time="0.163" failures="0">
    <testcase name="Cypress APIs Cypress.platform Get underlying OS name" time="0.132" classname="Get underlying OS name">
    </testcase>
  </testsuite>
  <testsuite name="Cypress.version" timestamp="2024-10-31T22:46:57" tests="1" time="0.149" failures="0">
    <testcase name="Cypress APIs Cypress.version Get current version of Cypress being run" time="0.114" classname="Get current version of Cypress being run">
    </testcase>
  </testsuite>
  <testsuite name="Cypress.spec" timestamp="2024-10-31T22:46:57" tests="1" time="0.217" failures="0">
    <testcase name="Cypress APIs Cypress.spec Get current spec information" time="0.138" classname="Get current spec information">
    </testcase>
  </testsuite>
</testsuites>