<?xml version="1.0" encoding="UTF-8"?>
<testsuites name="Mocha Tests" time="7.030" tests="9" failures="0">
  <testsuite name="Root Suite" timestamp="2024-10-31T22:46:26" tests="0" file="cypress\e2e\2-advanced-examples\assertions.cy.js" time="0.000" failures="0">
  </testsuite>
  <testsuite name="Assertions" timestamp="2024-10-31T22:46:26" tests="0" time="0.000" failures="0">
  </testsuite>
  <testsuite name="Implicit Assertions" timestamp="2024-10-31T22:46:26" tests="2" time="3.677" failures="0">
    <testcase name="Assertions Implicit Assertions .should() - make an assertion about the current subject" time="0.518" classname=".should() - make an assertion about the current subject">
    </testcase>
    <testcase name="Assertions Implicit Assertions .and() - chain multiple assertions together" time="0.188" classname=".and() - chain multiple assertions together">
    </testcase>
  </testsuite>
  <testsuite name="Explicit Assertions" timestamp="2024-10-31T22:46:29" tests="7" time="3.341" failures="0">
    <testcase name="Assertions Explicit Assertions expect - make an assertion about a specified subject" time="0.233" classname="expect - make an assertion about a specified subject">
    </testcase>
    <testcase name="Assertions Explicit Assertions pass your own callback function to should()" time="0.257" classname="pass your own callback function to should()">
    </testcase>
    <testcase name="Assertions Explicit Assertions finds element by class name regex" time="0.205" classname="finds element by class name regex">
    </testcase>
    <testcase name="Assertions Explicit Assertions can throw any error" time="0.250" classname="can throw any error">
    </testcase>
    <testcase name="Assertions Explicit Assertions matches unknown text between two elements" time="0.259" classname="matches unknown text between two elements">
    </testcase>
    <testcase name="Assertions Explicit Assertions assert - assert shape of an object" time="0.194" classname="assert - assert shape of an object">
    </testcase>
    <testcase name="Assertions Explicit Assertions retries the should callback until assertions pass" time="1.665" classname="retries the should callback until assertions pass">
    </testcase>
  </testsuite>
</testsuites>